2019-06-11T05:58:30.803Z - normal: Load ~/.CocosCreator/settings.json
2019-06-11T05:58:30.871Z - normal: Initializing Asset Database
2019-06-11T05:58:30.876Z - normal: checking language setting...
2019-06-11T05:58:30.876Z - normal: Language: zh
2019-06-11T05:58:31.711Z - success: preview server running at http://localhost:7456
2019-06-11T05:58:31.748Z - success: protocol editor-framework registered
2019-06-11T05:58:31.748Z - success: protocol app registered
2019-06-11T05:58:31.748Z - success: protocol theme registered
2019-06-11T05:58:31.748Z - success: protocol packages registered
2019-06-11T05:58:31.749Z - success: protocol uuid registerred
2019-06-11T05:58:31.749Z - success: protocol db registerred
2019-06-11T05:58:31.749Z - success: protocol thumbnail registerred
2019-06-11T05:58:31.749Z - success: protocol unpack registerred
2019-06-11T05:58:31.749Z - success: protocol disable-commonjs registerred
2019-06-11T05:58:32.059Z - normal: connected!
2019-06-11T05:58:32.060Z - normal: Check project /Users/Riluee/Documents/GitHub/TTQP
2019-06-11T05:58:32.062Z - normal: Initializing project /Users/Riluee/Documents/GitHub/TTQP
2019-06-11T05:58:32.466Z - normal: Initializing Cocos2d
2019-06-11T05:58:33.291Z - normal: Initializing engine extends
2019-06-11T05:58:33.330Z - success: asset-db-debugger loaded
2019-06-11T05:58:33.331Z - success: baidu-adapter loaded
2019-06-11T05:58:33.332Z - success: color-picker loaded
2019-06-11T05:58:33.443Z - success: fb-audience-network loaded
2019-06-11T05:58:33.501Z - success: fb-live-stream loaded
2019-06-11T05:58:33.505Z - success: google-play-instant loaded
2019-06-11T05:58:33.510Z - success: huawei-runtime loaded
2019-06-11T05:58:33.512Z - success: jsb-adapter loaded
2019-06-11T05:58:33.517Z - success: oppo-runtime loaded
2019-06-11T05:58:33.528Z - success: package-manager loaded
2019-06-11T05:58:33.681Z - success: qqplay-adapter loaded
2019-06-11T05:58:33.684Z - success: runtime-dev-tools loaded
2019-06-11T05:58:33.695Z - success: sdkbox loaded
2019-06-11T05:58:33.706Z - success: tester loaded
2019-06-11T05:58:33.717Z - success: ui-grid loaded
2019-06-11T05:58:33.729Z - success: ui-kit-preview-extra loaded
2019-06-11T05:58:33.738Z - success: ui-kit-preview loaded
2019-06-11T05:58:33.748Z - success: ui-kit loaded
2019-06-11T05:58:33.759Z - success: ui-tree loaded
2019-06-11T05:58:33.765Z - success: vivo-runtime loaded
2019-06-11T05:58:33.766Z - success: weapp-adapter loaded
2019-06-11T05:58:33.813Z - success: assets loaded
2019-06-11T05:58:33.825Z - success: builder loaded
2019-06-11T05:58:34.138Z - success: cocos-services loaded
2019-06-11T05:58:34.150Z - success: console loaded
2019-06-11T05:58:34.185Z - success: fb-instant-games loaded
2019-06-11T05:58:34.188Z - success: google-instant-games loaded
2019-06-11T05:58:34.201Z - success: hierarchy loaded
2019-06-11T05:58:34.213Z - success: inspector loaded
2019-06-11T05:58:34.214Z - success: keystore loaded
2019-06-11T05:58:34.227Z - success: node-library loaded
2019-06-11T05:58:34.229Z - success: package-asset loaded
2019-06-11T05:58:34.231Z - success: preferences loaded
2019-06-11T05:58:34.240Z - success: project-exporter loaded
2019-06-11T05:58:34.251Z - success: project-importer loaded
2019-06-11T05:58:34.264Z - success: project-settings loaded
2019-06-11T05:58:34.277Z - success: scene loaded
2019-06-11T05:58:34.280Z - success: simulator-debugger loaded
2019-06-11T05:58:34.282Z - success: sprite-editor loaded
2019-06-11T05:58:34.293Z - success: store loaded
2019-06-11T05:58:34.305Z - success: timeline loaded
2019-06-11T05:58:37.511Z - info: Cocos Services load base data!
2019-06-11T05:58:44.209Z - normal: Loading packages
2019-06-11T05:58:44.215Z - normal: Watching packages
2019-06-11T05:58:44.312Z - normal: Run Application
2019-06-11T06:05:43.118Z - info: shutdown preview server
